C:\Program Files\Microsoft Visual Studio\2022\Community\MSBuild\Microsoft\VC\v170\Microsoft.CppBuild.targets(520,5): warning MSB8004: Output Directory does not end with a trailing slash.  This build instance will add the slash as it is required to allow proper evaluation of the Output Directory.
  g_weapon.c
C:\Git\Quake 2\quake2-full-spring-2025\game\g_weapon.c(330,137): warning C4100: 'mod': unreferenced formal parameter
C:\Git\Quake 2\quake2-full-spring-2025\game\g_weapon.c(330,96): warning C4100: 'te_impact': unreferenced formal parameter
C:\Git\Quake 2\quake2-full-spring-2025\game\g_weapon.c(330,86): warning C4100: 'kick': unreferenced formal parameter
C:\Git\Quake 2\quake2-full-spring-2025\game\g_weapon.c(330,74): warning C4100: 'damage': unreferenced formal parameter
C:\Git\Quake 2\quake2-full-spring-2025\game\g_weapon.c(341,9): warning C4101: 'v': unreferenced local variable
C:\Git\Quake 2\quake2-full-spring-2025\game\g_weapon.c(614,68): warning C4100: 'plane': unreferenced formal parameter
C:\Git\Quake 2\quake2-full-spring-2025\game\g_weapon.c(695,107): warning C4100: 'damage_radius': unreferenced formal parameter
C:\Git\Quake 2\quake2-full-spring-2025\game\g_weapon.c(1142,61): warning C4047: 'function': 'int' differs in levels of indirection from 'void *'
C:\Git\Quake 2\quake2-full-spring-2025\game\g_weapon.c(1142,61): warning C4024: 'ThrowGib': different types for formal and actual parameter 4
C:\Git\Quake 2\quake2-full-spring-2025\game\g_weapon.c(1140,78): warning C4100: 'surf': unreferenced formal parameter
C:\Git\Quake 2\quake2-full-spring-2025\game\g_weapon.c(1140,59): warning C4100: 'plane': unreferenced formal parameter
C:\Git\Quake 2\quake2-full-spring-2025\game\g_weapon.c(1140,42): warning C4100: 'other': unreferenced formal parameter
C:\Git\Quake 2\quake2-full-spring-2025\game\g_weapon.c(1482,2): warning C4013: 'ThrowNotGib' undefined; assuming extern returning int
C:\Git\Quake 2\quake2-full-spring-2025\game\g_weapon.c(1468,9): warning C4101: 'dir': unreferenced local variable
C:\Git\Quake 2\quake2-full-spring-2025\game\g_weapon.c(1470,9): warning C4101: 'end': unreferenced local variable
C:\Git\Quake 2\quake2-full-spring-2025\game\g_weapon.c(1466,11): warning C4101: 'ignore': unreferenced local variable
C:\Git\Quake 2\quake2-full-spring-2025\game\g_weapon.c(1467,9): warning C4101: 'point': unreferenced local variable
C:\Git\Quake 2\quake2-full-spring-2025\game\g_weapon.c(1469,9): warning C4101: 'start': unreferenced local variable
C:\Git\Quake 2\quake2-full-spring-2025\game\g_weapon.c(1472,10): warning C4101: 'tr': unreferenced local variable
C:\Git\Quake 2\quake2-full-spring-2025\game\g_weapon.c(1568,93): warning C4100: 'damage_radius': unreferenced formal parameter
     Creating library .\..\release\gamex86.lib and object .\..\release\gamex86.exp
  game.vcxproj -> C:\Git\Quake 2\quake2-full-spring-2025\game\release\gamex86.dll
