  g_misc.c
C:\Git\Quake 2\quake2-full-spring-2025\ctf\g_misc.c(31,61): warning C4100: 'activator': unreferenced formal parameter
C:\Git\Quake 2\quake2-full-spring-2025\ctf\g_misc.c(31,45): warning C4100: 'other': unreferenced formal parameter
C:\Git\Quake 2\quake2-full-spring-2025\ctf\g_misc.c(104,77): warning C4100: 'surf': unreferenced formal parameter
C:\Git\Quake 2\quake2-full-spring-2025\ctf\g_misc.c(104,41): warning C4100: 'other': unreferenced formal parameter
C:\Git\Quake 2\quake2-full-spring-2025\ctf\g_misc.c(130,88): warning C4100: 'point': unreferenced formal parameter
C:\Git\Quake 2\quake2-full-spring-2025\ctf\g_misc.c(130,73): warning C4100: 'damage': unreferenced formal parameter
C:\Git\Quake 2\quake2-full-spring-2025\ctf\g_misc.c(130,59): warning C4100: 'attacker': unreferenced formal parameter
C:\Git\Quake 2\quake2-full-spring-2025\ctf\g_misc.c(130,39): warning C4100: 'inflictor': unreferenced formal parameter
C:\Git\Quake 2\quake2-full-spring-2025\ctf\g_misc.c(277,91): warning C4100: 'point': unreferenced formal parameter
C:\Git\Quake 2\quake2-full-spring-2025\ctf\g_misc.c(277,76): warning C4100: 'damage': unreferenced formal parameter
C:\Git\Quake 2\quake2-full-spring-2025\ctf\g_misc.c(277,62): warning C4100: 'attacker': unreferenced formal parameter
C:\Git\Quake 2\quake2-full-spring-2025\ctf\g_misc.c(277,42): warning C4100: 'inflictor': unreferenced formal parameter
C:\Git\Quake 2\quake2-full-spring-2025\ctf\g_misc.c(359,85): warning C4100: 'surf': unreferenced formal parameter
C:\Git\Quake 2\quake2-full-spring-2025\ctf\g_misc.c(359,66): warning C4100: 'plane': unreferenced formal parameter
C:\Git\Quake 2\quake2-full-spring-2025\ctf\g_misc.c(438,86): warning C4100: 'surf': unreferenced formal parameter
C:\Git\Quake 2\quake2-full-spring-2025\ctf\g_misc.c(438,67): warning C4100: 'plane': unreferenced formal parameter
C:\Git\Quake 2\quake2-full-spring-2025\ctf\g_misc.c(575,64): warning C4100: 'activator': unreferenced formal parameter
C:\Git\Quake 2\quake2-full-spring-2025\ctf\g_misc.c(575,48): warning C4100: 'other': unreferenced formal parameter
C:\Git\Quake 2\quake2-full-spring-2025\ctf\g_misc.c(623,61): warning C4100: 'activator': unreferenced formal parameter
C:\Git\Quake 2\quake2-full-spring-2025\ctf\g_misc.c(623,45): warning C4100: 'other': unreferenced formal parameter
C:\Git\Quake 2\quake2-full-spring-2025\ctf\g_misc.c(695,85): warning C4100: 'surf': unreferenced formal parameter
C:\Git\Quake 2\quake2-full-spring-2025\ctf\g_misc.c(713,63): warning C4100: 'activator': unreferenced formal parameter
C:\Git\Quake 2\quake2-full-spring-2025\ctf\g_misc.c(713,47): warning C4100: 'other': unreferenced formal parameter
C:\Git\Quake 2\quake2-full-spring-2025\ctf\g_misc.c(775,103): warning C4100: 'point': unreferenced formal parameter
C:\Git\Quake 2\quake2-full-spring-2025\ctf\g_misc.c(775,88): warning C4100: 'damage': unreferenced formal parameter
C:\Git\Quake 2\quake2-full-spring-2025\ctf\g_misc.c(839,65): warning C4100: 'activator': unreferenced formal parameter
C:\Git\Quake 2\quake2-full-spring-2025\ctf\g_misc.c(844,68): warning C4100: 'activator': unreferenced formal parameter
C:\Git\Quake 2\quake2-full-spring-2025\ctf\g_misc.c(844,52): warning C4100: 'other': unreferenced formal parameter
C:\Git\Quake 2\quake2-full-spring-2025\ctf\g_misc.c(903,80): warning C4100: 'surf': unreferenced formal parameter
C:\Git\Quake 2\quake2-full-spring-2025\ctf\g_misc.c(903,61): warning C4100: 'plane': unreferenced formal parameter
C:\Git\Quake 2\quake2-full-spring-2025\ctf\g_misc.c(996,93): warning C4100: 'point': unreferenced formal parameter
C:\Git\Quake 2\quake2-full-spring-2025\ctf\g_misc.c(996,78): warning C4100: 'damage': unreferenced formal parameter
C:\Git\Quake 2\quake2-full-spring-2025\ctf\g_misc.c(996,44): warning C4100: 'inflictor': unreferenced formal parameter
C:\Git\Quake 2\quake2-full-spring-2025\ctf\g_misc.c(1051,65): warning C4100: 'activator': unreferenced formal parameter
C:\Git\Quake 2\quake2-full-spring-2025\ctf\g_misc.c(1051,49): warning C4100: 'other': unreferenced formal parameter
C:\Git\Quake 2\quake2-full-spring-2025\ctf\g_misc.c(1187,66): warning C4100: 'activator': unreferenced formal parameter
C:\Git\Quake 2\quake2-full-spring-2025\ctf\g_misc.c(1187,50): warning C4100: 'other': unreferenced formal parameter
C:\Git\Quake 2\quake2-full-spring-2025\ctf\g_misc.c(1247,101): warning C4100: 'point': unreferenced formal parameter
C:\Git\Quake 2\quake2-full-spring-2025\ctf\g_misc.c(1247,72): warning C4100: 'attacker': unreferenced formal parameter
C:\Git\Quake 2\quake2-full-spring-2025\ctf\g_misc.c(1247,52): warning C4100: 'inflictor': unreferenced formal parameter
C:\Git\Quake 2\quake2-full-spring-2025\ctf\g_misc.c(1361,89): warning C4100: 'surf': unreferenced formal parameter
C:\Git\Quake 2\quake2-full-spring-2025\ctf\g_misc.c(1361,70): warning C4100: 'plane': unreferenced formal parameter
C:\Git\Quake 2\quake2-full-spring-2025\ctf\g_misc.c(1361,53): warning C4100: 'other': unreferenced formal parameter
C:\Git\Quake 2\quake2-full-spring-2025\ctf\g_misc.c(1389,51): warning C4100: 'other': unreferenced formal parameter
C:\Git\Quake 2\quake2-full-spring-2025\ctf\g_misc.c(1483,71): warning C4100: 'activator': unreferenced formal parameter
C:\Git\Quake 2\quake2-full-spring-2025\ctf\g_misc.c(1483,55): warning C4100: 'other': unreferenced formal parameter
C:\Git\Quake 2\quake2-full-spring-2025\ctf\g_misc.c(1608,65): warning C4100: 'activator': unreferenced formal parameter
C:\Git\Quake 2\quake2-full-spring-2025\ctf\g_misc.c(1608,49): warning C4100: 'other': unreferenced formal parameter
C:\Git\Quake 2\quake2-full-spring-2025\ctf\g_misc.c(1731,11): warning C4996: 'localtime': This function or variable may be unsafe. Consider using localtime_s instead. To disable deprecation, use _CRT_SECURE_NO_WARNINGS. See online help for details.
C:\Git\Quake 2\quake2-full-spring-2025\ctf\g_misc.c(1771,46): warning C4100: 'other': unreferenced formal parameter
C:\Git\Quake 2\quake2-full-spring-2025\ctf\g_misc.c(1814,84): warning C4100: 'surf': unreferenced formal parameter
C:\Git\Quake 2\quake2-full-spring-2025\ctf\g_misc.c(1814,65): warning C4100: 'plane': unreferenced formal parameter
C:\Program Files\Microsoft Visual Studio\2022\Community\MSBuild\Microsoft\VC\v170\Microsoft.CppBuild.targets(1395,5): warning MSB8012: TargetPath(C:\Git\Quake 2\quake2-full-spring-2025\ctf\release\ctf.dll) does not match the Linker's OutputFile property value (C:\Git\Quake 2\quake2-full-spring-2025\ctf\release\gamex86.dll). This may cause your project to build incorrectly. To correct this, please make sure that $(OutDir), $(TargetName) and $(TargetExt) property values match the value specified in %(Link.OutputFile).
C:\Program Files\Microsoft Visual Studio\2022\Community\MSBuild\Microsoft\VC\v170\Microsoft.CppBuild.targets(1397,5): warning MSB8012: TargetName(ctf) does not match the Linker's OutputFile property value (gamex86). This may cause your project to build incorrectly. To correct this, please make sure that $(OutDir), $(TargetName) and $(TargetExt) property values match the value specified in %(Link.OutputFile).
     Creating library .\release\gamex86.lib and object .\release\gamex86.exp
  ctf.vcxproj -> C:\Git\Quake 2\quake2-full-spring-2025\ctf\release\ctf.dll
